<?xml version="1.0" encoding="UTF-8"?>
<coverage generated="1616598350085" clover="3.2.0">
  <project timestamp="1616598350085" name="All files">
    <metrics statements="50" coveredstatements="50" conditionals="56" coveredconditionals="56" methods="15" coveredmethods="15" elements="121" coveredelements="121" complexity="0" loc="50" ncloc="50" packages="1" files="2" classes="2"/>
    <file name="App.tsx" path="/Users/khairulanshar/bitbucket/tictactoe/src/App.tsx">
      <metrics statements="42" coveredstatements="42" conditionals="50" coveredconditionals="50" methods="13" coveredmethods="13"/>
      <line num="10" count="1" type="stmt"/>
      <line num="11" count="7" type="stmt"/>
      <line num="51" count="1" type="stmt"/>
      <line num="52" count="46" type="stmt"/>
      <line num="53" count="46" type="stmt"/>
      <line num="54" count="46" type="stmt"/>
      <line num="55" count="46" type="stmt"/>
      <line num="60" count="46" type="stmt"/>
      <line num="61" count="33" type="stmt"/>
      <line num="62" count="33" type="stmt"/>
      <line num="63" count="33" type="stmt"/>
      <line num="64" count="33" type="cond" truecount="5" falsecount="0"/>
      <line num="65" count="32" type="cond" truecount="5" falsecount="0"/>
      <line num="67" count="46" type="stmt"/>
      <line num="68" count="33" type="stmt"/>
      <line num="69" count="33" type="stmt"/>
      <line num="70" count="33" type="stmt"/>
      <line num="71" count="33" type="cond" truecount="5" falsecount="0"/>
      <line num="72" count="32" type="cond" truecount="5" falsecount="0"/>
      <line num="74" count="46" type="stmt"/>
      <line num="75" count="33" type="stmt"/>
      <line num="76" count="33" type="stmt"/>
      <line num="77" count="33" type="cond" truecount="4" falsecount="0"/>
      <line num="78" count="32" type="cond" truecount="4" falsecount="0"/>
      <line num="80" count="46" type="stmt"/>
      <line num="81" count="36" type="stmt"/>
      <line num="82" count="36" type="cond" truecount="4" falsecount="0"/>
      <line num="83" count="33" type="cond" truecount="2" falsecount="0"/>
      <line num="84" count="33" type="stmt"/>
      <line num="85" count="33" type="stmt"/>
      <line num="86" count="33" type="stmt"/>
      <line num="87" count="33" type="stmt"/>
      <line num="88" count="33" type="stmt"/>
      <line num="92" count="46" type="stmt"/>
      <line num="144" count="138" type="stmt"/>
      <line num="147" count="414" type="stmt"/>
      <line num="152" count="36" type="stmt"/>
      <line num="177" count="1" type="stmt"/>
      <line num="178" count="13" type="stmt"/>
      <line num="179" count="13" type="stmt"/>
      <line num="180" count="13" type="stmt"/>
      <line num="181" count="13" type="stmt"/>
    </file>
    <file name="Third.js" path="/Users/khairulanshar/bitbucket/tictactoe/src/Third.js">
      <metrics statements="8" coveredstatements="8" conditionals="6" coveredconditionals="6" methods="2" coveredmethods="2"/>
      <line num="1" count="1" type="stmt"/>
      <line num="2" count="6" type="cond" truecount="2" falsecount="0"/>
      <line num="3" count="5" type="cond" truecount="2" falsecount="0"/>
      <line num="4" count="4" type="cond" truecount="2" falsecount="0"/>
      <line num="6" count="3" type="stmt"/>
      <line num="7" count="3" type="stmt"/>
      <line num="8" count="3" type="stmt"/>
      <line num="9" count="17" type="stmt"/>
    </file>
  </project>
</coverage>
