{"/Users/khairulanshar/bitbucket/tictactoe/src/App.tsx": {"path":"/Users/khairulanshar/bitbucket/tictactoe/src/App.tsx","statementMap":{"0":{"start":{"line":10,"column":18},"end":{"line":44,"column":1}},"1":{"start":{"line":11,"column":2},"end":{"line":43,"column":4}},"2":{"start":{"line":51,"column":14},"end":{"line":175,"column":1}},"3":{"start":{"line":52,"column":18},"end":{"line":52,"column":29}},"4":{"start":{"line":53,"column":30},"end":{"line":53,"column":50}},"5":{"start":{"line":54,"column":30},"end":{"line":54,"column":54}},"6":{"start":{"line":55,"column":30},"end":{"line":59,"column":4}},"7":{"start":{"line":60,"column":24},"end":{"line":66,"column":3}},"8":{"start":{"line":61,"column":17},"end":{"line":61,"column":53}},"9":{"start":{"line":62,"column":17},"end":{"line":62,"column":53}},"10":{"start":{"line":63,"column":17},"end":{"line":63,"column":53}},"11":{"start":{"line":64,"column":4},"end":{"line":65,"column":70}},"12":{"start":{"line":64,"column":48},"end":{"line":64,"column":62}},"13":{"start":{"line":65,"column":9},"end":{"line":65,"column":70}},"14":{"start":{"line":65,"column":56},"end":{"line":65,"column":70}},"15":{"start":{"line":67,"column":26},"end":{"line":73,"column":3}},"16":{"start":{"line":68,"column":17},"end":{"line":68,"column":53}},"17":{"start":{"line":69,"column":17},"end":{"line":69,"column":53}},"18":{"start":{"line":70,"column":17},"end":{"line":70,"column":53}},"19":{"start":{"line":71,"column":4},"end":{"line":72,"column":70}},"20":{"start":{"line":71,"column":48},"end":{"line":71,"column":62}},"21":{"start":{"line":72,"column":9},"end":{"line":72,"column":70}},"22":{"start":{"line":72,"column":56},"end":{"line":72,"column":70}},"23":{"start":{"line":74,"column":24},"end":{"line":79,"column":3}},"24":{"start":{"line":75,"column":18},"end":{"line":75,"column":54}},"25":{"start":{"line":76,"column":18},"end":{"line":76,"column":54}},"26":{"start":{"line":77,"column":4},"end":{"line":78,"column":57}},"27":{"start":{"line":77,"column":36},"end":{"line":77,"column":50}},"28":{"start":{"line":78,"column":9},"end":{"line":78,"column":57}},"29":{"start":{"line":78,"column":43},"end":{"line":78,"column":57}},"30":{"start":{"line":80,"column":22},"end":{"line":90,"column":3}},"31":{"start":{"line":81,"column":15},"end":{"line":81,"column":26}},"32":{"start":{"line":82,"column":4},"end":{"line":89,"column":5}},"33":{"start":{"line":83,"column":6},"end":{"line":83,"column":34}},"34":{"start":{"line":84,"column":6},"end":{"line":84,"column":21}},"35":{"start":{"line":85,"column":6},"end":{"line":85,"column":25}},"36":{"start":{"line":86,"column":6},"end":{"line":86,"column":27}},"37":{"start":{"line":87,"column":6},"end":{"line":87,"column":25}},"38":{"start":{"line":88,"column":6},"end":{"line":88,"column":24}},"39":{"start":{"line":88,"column":21},"end":{"line":88,"column":23}},"40":{"start":{"line":92,"column":2},"end":{"line":173,"column":3}},"41":{"start":{"line":144,"column":10},"end":{"line":166,"column":11}},"42":{"start":{"line":147,"column":16},"end":{"line":163,"column":23}},"43":{"start":{"line":152,"column":35},"end":{"line":152,"column":52}},"44":{"start":{"line":177,"column":12},"end":{"line":186,"column":1}},"45":{"start":{"line":178,"column":18},"end":{"line":178,"column":29}},"46":{"start":{"line":179,"column":29},"end":{"line":179,"column":46}},"47":{"start":{"line":180,"column":22},"end":{"line":180,"column":46}},"48":{"start":{"line":180,"column":28},"end":{"line":180,"column":46}},"49":{"start":{"line":180,"column":40},"end":{"line":180,"column":45}},"50":{"start":{"line":181,"column":2},"end":{"line":185,"column":3}}},"fnMap":{"0":{"name":"(anonymous_0)","decl":{"start":{"line":10,"column":29},"end":{"line":10,"column":30}},"loc":{"start":{"line":11,"column":2},"end":{"line":43,"column":4}},"line":11},"1":{"name":"(anonymous_1)","decl":{"start":{"line":51,"column":14},"end":{"line":51,"column":15}},"loc":{"start":{"line":51,"column":40},"end":{"line":175,"column":1}},"line":51},"2":{"name":"(anonymous_2)","decl":{"start":{"line":60,"column":24},"end":{"line":60,"column":25}},"loc":{"start":{"line":60,"column":39},"end":{"line":66,"column":3}},"line":60},"3":{"name":"(anonymous_3)","decl":{"start":{"line":67,"column":26},"end":{"line":67,"column":27}},"loc":{"start":{"line":67,"column":41},"end":{"line":73,"column":3}},"line":67},"4":{"name":"(anonymous_4)","decl":{"start":{"line":74,"column":24},"end":{"line":74,"column":25}},"loc":{"start":{"line":74,"column":39},"end":{"line":79,"column":3}},"line":74},"5":{"name":"(anonymous_5)","decl":{"start":{"line":80,"column":22},"end":{"line":80,"column":23}},"loc":{"start":{"line":80,"column":48},"end":{"line":90,"column":3}},"line":80},"6":{"name":"(anonymous_6)","decl":{"start":{"line":88,"column":16},"end":{"line":88,"column":17}},"loc":{"start":{"line":88,"column":21},"end":{"line":88,"column":23}},"line":88},"7":{"name":"(anonymous_7)","decl":{"start":{"line":143,"column":19},"end":{"line":143,"column":20}},"loc":{"start":{"line":143,"column":33},"end":{"line":167,"column":9}},"line":143},"8":{"name":"(anonymous_8)","decl":{"start":{"line":146,"column":25},"end":{"line":146,"column":26}},"loc":{"start":{"line":147,"column":16},"end":{"line":163,"column":23}},"line":147},"9":{"name":"(anonymous_9)","decl":{"start":{"line":152,"column":29},"end":{"line":152,"column":30}},"loc":{"start":{"line":152,"column":35},"end":{"line":152,"column":52}},"line":152},"10":{"name":"(anonymous_10)","decl":{"start":{"line":177,"column":12},"end":{"line":177,"column":13}},"loc":{"start":{"line":177,"column":18},"end":{"line":186,"column":1}},"line":177},"11":{"name":"(anonymous_11)","decl":{"start":{"line":180,"column":22},"end":{"line":180,"column":23}},"loc":{"start":{"line":180,"column":28},"end":{"line":180,"column":46}},"line":180},"12":{"name":"(anonymous_12)","decl":{"start":{"line":180,"column":35},"end":{"line":180,"column":36}},"loc":{"start":{"line":180,"column":40},"end":{"line":180,"column":45}},"line":180}},"branchMap":{"0":{"loc":{"start":{"line":64,"column":4},"end":{"line":65,"column":70}},"type":"if","locations":[{"start":{"line":64,"column":4},"end":{"line":65,"column":70}},{"start":{"line":64,"column":4},"end":{"line":65,"column":70}}],"line":64},"1":{"loc":{"start":{"line":64,"column":8},"end":{"line":64,"column":46}},"type":"binary-expr","locations":[{"start":{"line":64,"column":8},"end":{"line":64,"column":18}},{"start":{"line":64,"column":22},"end":{"line":64,"column":32}},{"start":{"line":64,"column":36},"end":{"line":64,"column":46}}],"line":64},"2":{"loc":{"start":{"line":65,"column":9},"end":{"line":65,"column":70}},"type":"if","locations":[{"start":{"line":65,"column":9},"end":{"line":65,"column":70}},{"start":{"line":65,"column":9},"end":{"line":65,"column":70}}],"line":65},"3":{"loc":{"start":{"line":65,"column":13},"end":{"line":65,"column":54}},"type":"binary-expr","locations":[{"start":{"line":65,"column":13},"end":{"line":65,"column":24}},{"start":{"line":65,"column":28},"end":{"line":65,"column":39}},{"start":{"line":65,"column":43},"end":{"line":65,"column":54}}],"line":65},"4":{"loc":{"start":{"line":71,"column":4},"end":{"line":72,"column":70}},"type":"if","locations":[{"start":{"line":71,"column":4},"end":{"line":72,"column":70}},{"start":{"line":71,"column":4},"end":{"line":72,"column":70}}],"line":71},"5":{"loc":{"start":{"line":71,"column":8},"end":{"line":71,"column":46}},"type":"binary-expr","locations":[{"start":{"line":71,"column":8},"end":{"line":71,"column":18}},{"start":{"line":71,"column":22},"end":{"line":71,"column":32}},{"start":{"line":71,"column":36},"end":{"line":71,"column":46}}],"line":71},"6":{"loc":{"start":{"line":72,"column":9},"end":{"line":72,"column":70}},"type":"if","locations":[{"start":{"line":72,"column":9},"end":{"line":72,"column":70}},{"start":{"line":72,"column":9},"end":{"line":72,"column":70}}],"line":72},"7":{"loc":{"start":{"line":72,"column":13},"end":{"line":72,"column":54}},"type":"binary-expr","locations":[{"start":{"line":72,"column":13},"end":{"line":72,"column":24}},{"start":{"line":72,"column":28},"end":{"line":72,"column":39}},{"start":{"line":72,"column":43},"end":{"line":72,"column":54}}],"line":72},"8":{"loc":{"start":{"line":77,"column":4},"end":{"line":78,"column":57}},"type":"if","locations":[{"start":{"line":77,"column":4},"end":{"line":78,"column":57}},{"start":{"line":77,"column":4},"end":{"line":78,"column":57}}],"line":77},"9":{"loc":{"start":{"line":77,"column":8},"end":{"line":77,"column":34}},"type":"binary-expr","locations":[{"start":{"line":77,"column":8},"end":{"line":77,"column":19}},{"start":{"line":77,"column":23},"end":{"line":77,"column":34}}],"line":77},"10":{"loc":{"start":{"line":78,"column":9},"end":{"line":78,"column":57}},"type":"if","locations":[{"start":{"line":78,"column":9},"end":{"line":78,"column":57}},{"start":{"line":78,"column":9},"end":{"line":78,"column":57}}],"line":78},"11":{"loc":{"start":{"line":78,"column":13},"end":{"line":78,"column":41}},"type":"binary-expr","locations":[{"start":{"line":78,"column":13},"end":{"line":78,"column":25}},{"start":{"line":78,"column":29},"end":{"line":78,"column":41}}],"line":78},"12":{"loc":{"start":{"line":82,"column":4},"end":{"line":89,"column":5}},"type":"if","locations":[{"start":{"line":82,"column":4},"end":{"line":89,"column":5}},{"start":{"line":82,"column":4},"end":{"line":89,"column":5}}],"line":82},"13":{"loc":{"start":{"line":82,"column":8},"end":{"line":82,"column":35}},"type":"binary-expr","locations":[{"start":{"line":82,"column":8},"end":{"line":82,"column":15}},{"start":{"line":82,"column":19},"end":{"line":82,"column":35}}],"line":82},"14":{"loc":{"start":{"line":83,"column":19},"end":{"line":83,"column":34}},"type":"cond-expr","locations":[{"start":{"line":83,"column":28},"end":{"line":83,"column":29}},{"start":{"line":83,"column":32},"end":{"line":83,"column":34}}],"line":83},"15":{"loc":{"start":{"line":98,"column":12},"end":{"line":107,"column":27}},"type":"cond-expr","locations":[{"start":{"line":99,"column":14},"end":{"line":99,"column":19}},{"start":{"line":101,"column":14},"end":{"line":107,"column":27}}],"line":98},"16":{"loc":{"start":{"line":104,"column":47},"end":{"line":104,"column":82}},"type":"cond-expr","locations":[{"start":{"line":104,"column":56},"end":{"line":104,"column":67}},{"start":{"line":104,"column":70},"end":{"line":104,"column":82}}],"line":104},"17":{"loc":{"start":{"line":106,"column":17},"end":{"line":106,"column":35}},"type":"cond-expr","locations":[{"start":{"line":106,"column":26},"end":{"line":106,"column":29}},{"start":{"line":106,"column":32},"end":{"line":106,"column":35}}],"line":106},"18":{"loc":{"start":{"line":113,"column":12},"end":{"line":128,"column":27}},"type":"cond-expr","locations":[{"start":{"line":114,"column":14},"end":{"line":120,"column":27}},{"start":{"line":122,"column":14},"end":{"line":128,"column":27}}],"line":113},"19":{"loc":{"start":{"line":117,"column":47},"end":{"line":117,"column":90}},"type":"cond-expr","locations":[{"start":{"line":117,"column":64},"end":{"line":117,"column":75}},{"start":{"line":117,"column":78},"end":{"line":117,"column":90}}],"line":117},"20":{"loc":{"start":{"line":157,"column":66},"end":{"line":157,"column":106}},"type":"cond-expr","locations":[{"start":{"line":157,"column":80},"end":{"line":157,"column":91}},{"start":{"line":157,"column":94},"end":{"line":157,"column":106}}],"line":157},"21":{"loc":{"start":{"line":159,"column":23},"end":{"line":159,"column":52}},"type":"cond-expr","locations":[{"start":{"line":159,"column":37},"end":{"line":159,"column":40}},{"start":{"line":159,"column":43},"end":{"line":159,"column":52}}],"line":159},"22":{"loc":{"start":{"line":160,"column":23},"end":{"line":160,"column":53}},"type":"cond-expr","locations":[{"start":{"line":160,"column":38},"end":{"line":160,"column":41}},{"start":{"line":160,"column":44},"end":{"line":160,"column":53}}],"line":160}},"s":{"0":1,"1":7,"2":1,"3":46,"4":46,"5":46,"6":46,"7":46,"8":33,"9":33,"10":33,"11":33,"12":1,"13":32,"14":1,"15":46,"16":33,"17":33,"18":33,"19":33,"20":1,"21":32,"22":1,"23":46,"24":33,"25":33,"26":33,"27":1,"28":32,"29":1,"30":46,"31":36,"32":36,"33":33,"34":33,"35":33,"36":33,"37":33,"38":33,"39":33,"40":46,"41":138,"42":414,"43":36,"44":1,"45":13,"46":13,"47":13,"48":6,"49":6,"50":13},"f":{"0":7,"1":46,"2":33,"3":33,"4":33,"5":36,"6":33,"7":138,"8":414,"9":36,"10":13,"11":6,"12":6},"b":{"0":[1,32],"1":[33,32,32],"2":[1,31],"3":[32,32,31],"4":[1,32],"5":[33,32,32],"6":[1,31],"7":[32,32,31],"8":[1,32],"9":[33,32],"10":[1,31],"11":[32,31],"12":[33,3],"13":[36,33],"14":[18,15],"15":[6,40],"16":[25,15],"17":[25,15],"18":[6,40],"19":[3,3],"20":[63,351],"21":[63,351],"22":[45,369]},"_coverageSchema":"1a1c01bbd47fc00a2c39e90264f33305004495a9","hash":"ee6959ccbe25eded0a170fced26ac185007e7115"}
,"/Users/khairulanshar/bitbucket/tictactoe/src/Third.js": {"path":"/Users/khairulanshar/bitbucket/tictactoe/src/Third.js","statementMap":{"0":{"start":{"line":1,"column":13},"end":{"line":10,"column":1}},"1":{"start":{"line":2,"column":4},"end":{"line":2,"column":23}},"2":{"start":{"line":2,"column":14},"end":{"line":2,"column":23}},"3":{"start":{"line":3,"column":4},"end":{"line":3,"column":30}},"4":{"start":{"line":3,"column":21},"end":{"line":3,"column":30}},"5":{"start":{"line":4,"column":4},"end":{"line":4,"column":44}},"6":{"start":{"line":4,"column":26},"end":{"line":4,"column":44}},"7":{"start":{"line":6,"column":22},"end":{"line":6,"column":28}},"8":{"start":{"line":7,"column":22},"end":{"line":7,"column":45}},"9":{"start":{"line":8,"column":23},"end":{"line":8,"column":43}},"10":{"start":{"line":9,"column":4},"end":{"line":9,"column":68}},"11":{"start":{"line":9,"column":58},"end":{"line":9,"column":63}}},"fnMap":{"0":{"name":"(anonymous_0)","decl":{"start":{"line":1,"column":13},"end":{"line":1,"column":14}},"loc":{"start":{"line":1,"column":22},"end":{"line":10,"column":1}},"line":1},"1":{"name":"(anonymous_1)","decl":{"start":{"line":9,"column":48},"end":{"line":9,"column":49}},"loc":{"start":{"line":9,"column":58},"end":{"line":9,"column":63}},"line":9}},"branchMap":{"0":{"loc":{"start":{"line":2,"column":4},"end":{"line":2,"column":23}},"type":"if","locations":[{"start":{"line":2,"column":4},"end":{"line":2,"column":23}},{"start":{"line":2,"column":4},"end":{"line":2,"column":23}}],"line":2},"1":{"loc":{"start":{"line":3,"column":4},"end":{"line":3,"column":30}},"type":"if","locations":[{"start":{"line":3,"column":4},"end":{"line":3,"column":30}},{"start":{"line":3,"column":4},"end":{"line":3,"column":30}}],"line":3},"2":{"loc":{"start":{"line":4,"column":4},"end":{"line":4,"column":44}},"type":"if","locations":[{"start":{"line":4,"column":4},"end":{"line":4,"column":44}},{"start":{"line":4,"column":4},"end":{"line":4,"column":44}}],"line":4}},"s":{"0":1,"1":6,"2":1,"3":5,"4":1,"5":4,"6":1,"7":3,"8":3,"9":3,"10":3,"11":17},"f":{"0":6,"1":17},"b":{"0":[1,5],"1":[1,4],"2":[1,3]},"_coverageSchema":"1a1c01bbd47fc00a2c39e90264f33305004495a9","hash":"79b40c15b8838a5b673f84f1e64fad1d5f8a6371"}
}
