TN:
SF:src/App.tsx
FN:10,(anonymous_0)
FN:51,(anonymous_1)
FN:60,(anonymous_2)
FN:67,(anonymous_3)
FN:74,(anonymous_4)
FN:80,(anonymous_5)
FN:88,(anonymous_6)
FN:143,(anonymous_7)
FN:146,(anonymous_8)
FN:152,(anonymous_9)
FN:177,(anonymous_10)
FN:180,(anonymous_11)
FN:180,(anonymous_12)
FNF:13
FNH:13
FNDA:7,(anonymous_0)
FNDA:46,(anonymous_1)
FNDA:33,(anonymous_2)
FNDA:33,(anonymous_3)
FNDA:33,(anonymous_4)
FNDA:36,(anonymous_5)
FNDA:33,(anonymous_6)
FNDA:138,(anonymous_7)
FNDA:414,(anonymous_8)
FNDA:36,(anonymous_9)
FNDA:13,(anonymous_10)
FNDA:6,(anonymous_11)
FNDA:6,(anonymous_12)
DA:10,1
DA:11,7
DA:51,1
DA:52,46
DA:53,46
DA:54,46
DA:55,46
DA:60,46
DA:61,33
DA:62,33
DA:63,33
DA:64,33
DA:65,32
DA:67,46
DA:68,33
DA:69,33
DA:70,33
DA:71,33
DA:72,32
DA:74,46
DA:75,33
DA:76,33
DA:77,33
DA:78,32
DA:80,46
DA:81,36
DA:82,36
DA:83,33
DA:84,33
DA:85,33
DA:86,33
DA:87,33
DA:88,33
DA:92,46
DA:144,138
DA:147,414
DA:152,36
DA:177,1
DA:178,13
DA:179,13
DA:180,13
DA:181,13
LF:42
LH:42
BRDA:64,0,0,1
BRDA:64,0,1,32
BRDA:64,1,0,33
BRDA:64,1,1,32
BRDA:64,1,2,32
BRDA:65,2,0,1
BRDA:65,2,1,31
BRDA:65,3,0,32
BRDA:65,3,1,32
BRDA:65,3,2,31
BRDA:71,4,0,1
BRDA:71,4,1,32
BRDA:71,5,0,33
BRDA:71,5,1,32
BRDA:71,5,2,32
BRDA:72,6,0,1
BRDA:72,6,1,31
BRDA:72,7,0,32
BRDA:72,7,1,32
BRDA:72,7,2,31
BRDA:77,8,0,1
BRDA:77,8,1,32
BRDA:77,9,0,33
BRDA:77,9,1,32
BRDA:78,10,0,1
BRDA:78,10,1,31
BRDA:78,11,0,32
BRDA:78,11,1,31
BRDA:82,12,0,33
BRDA:82,12,1,3
BRDA:82,13,0,36
BRDA:82,13,1,33
BRDA:83,14,0,18
BRDA:83,14,1,15
BRDA:98,15,0,6
BRDA:98,15,1,40
BRDA:104,16,0,25
BRDA:104,16,1,15
BRDA:106,17,0,25
BRDA:106,17,1,15
BRDA:113,18,0,6
BRDA:113,18,1,40
BRDA:117,19,0,3
BRDA:117,19,1,3
BRDA:157,20,0,63
BRDA:157,20,1,351
BRDA:159,21,0,63
BRDA:159,21,1,351
BRDA:160,22,0,45
BRDA:160,22,1,369
BRF:50
BRH:50
end_of_record
TN:
SF:src/Third.js
FN:1,(anonymous_0)
FN:9,(anonymous_1)
FNF:2
FNH:2
FNDA:6,(anonymous_0)
FNDA:17,(anonymous_1)
DA:1,1
DA:2,6
DA:3,5
DA:4,4
DA:6,3
DA:7,3
DA:8,3
DA:9,17
LF:8
LH:8
BRDA:2,0,0,1
BRDA:2,0,1,5
BRDA:3,1,0,1
BRDA:3,1,1,4
BRDA:4,2,0,1
BRDA:4,2,1,3
BRF:6
BRH:6
end_of_record
